2025-09-02 14:49:33,138 [INFO] 🚀 Starting orchestrator
2025-09-02 14:49:34,060 [INFO] ✅ Dask cluster up: 8 workers x 2 threads
2025-09-02 14:49:34,073 [INFO] 📂 Loaded CSV: /Users/sainathsapa/Desktop/Trent/demo.retailagent/csv_folder/myntra_products_500k_part_1.csv with 11 columns
2025-09-02 14:49:35,202 [INFO] Inserted batch of 5000 rows
2025-09-02 14:49:35,621 [INFO] Inserted batch of 5000 rows
2025-09-02 14:49:36,069 [INFO] Inserted batch of 5000 rows
2025-09-02 14:49:36,542 [INFO] Inserted batch of 5000 rows
2025-09-02 14:49:36,952 [INFO] Inserted batch of 5000 rows
2025-09-02 14:49:37,337 [INFO] Inserted batch of 5000 rows
2025-09-02 14:49:37,815 [INFO] Inserted batch of 5000 rows
2025-09-02 14:49:38,212 [INFO] Inserted batch of 5000 rows
2025-09-02 14:49:38,601 [INFO] Inserted batch of 5000 rows
2025-09-02 14:49:39,023 [INFO] Inserted batch of 5000 rows
2025-09-02 14:49:39,451 [INFO] Inserted batch of 5000 rows
2025-09-02 14:49:39,922 [INFO] Inserted batch of 5000 rows
2025-09-02 14:49:40,362 [INFO] Inserted batch of 5000 rows
2025-09-02 14:49:40,799 [INFO] Inserted batch of 5000 rows
2025-09-02 14:49:41,272 [INFO] Inserted batch of 5000 rows
2025-09-02 14:49:41,780 [INFO] Inserted batch of 5000 rows
2025-09-02 14:49:42,345 [INFO] Inserted batch of 5000 rows
2025-09-02 14:49:42,850 [INFO] Inserted batch of 5000 rows
2025-09-02 14:49:43,330 [INFO] Inserted batch of 5000 rows
2025-09-02 14:49:43,757 [INFO] Inserted batch of 5000 rows
2025-09-02 14:49:43,782 [INFO] ✅ Inserted 100000 records into trent.products
2025-09-02 14:49:44,009 [INFO] 🏁 Orchestrator finished successfully
2025-09-02 14:52:02,575 [INFO] 🚀 Starting orchestrator
2025-09-02 14:52:03,657 [INFO] ✅ Dask cluster up: 8 workers x 2 threads
2025-09-02 14:52:03,669 [INFO] 📂 Loaded CSV: /Users/sainathsapa/Desktop/Trent/demo.retailagent/csv_folder/myntra_products_500k_part_3.csv with 11 columns
2025-09-02 14:52:04,382 [INFO] Inserted batch of 5000 rows
2025-09-02 14:52:04,667 [INFO] Inserted batch of 5000 rows
2025-09-02 14:52:05,065 [INFO] Inserted batch of 5000 rows
2025-09-02 14:52:05,510 [INFO] Inserted batch of 5000 rows
2025-09-02 14:52:05,772 [INFO] Inserted batch of 5000 rows
2025-09-02 14:52:06,084 [INFO] Inserted batch of 5000 rows
2025-09-02 14:52:06,531 [INFO] Inserted batch of 5000 rows
2025-09-02 14:52:06,951 [INFO] Inserted batch of 5000 rows
2025-09-02 14:52:07,355 [INFO] Inserted batch of 5000 rows
2025-09-02 14:52:07,817 [INFO] Inserted batch of 5000 rows
2025-09-02 14:52:08,242 [INFO] Inserted batch of 5000 rows
2025-09-02 14:52:08,720 [INFO] Inserted batch of 5000 rows
2025-09-02 14:52:09,203 [INFO] Inserted batch of 5000 rows
2025-09-02 14:52:09,703 [INFO] Inserted batch of 5000 rows
2025-09-02 14:52:10,133 [INFO] Inserted batch of 5000 rows
2025-09-02 14:52:10,533 [INFO] Inserted batch of 5000 rows
2025-09-02 14:52:10,920 [INFO] Inserted batch of 5000 rows
2025-09-02 14:52:11,422 [INFO] Inserted batch of 5000 rows
2025-09-02 14:52:11,888 [INFO] Inserted batch of 5000 rows
2025-09-02 14:52:12,368 [INFO] Inserted batch of 5000 rows
2025-09-02 14:52:12,396 [INFO] ✅ Inserted 100000 records into trent.products
2025-09-02 14:52:12,623 [INFO] 🏁 Orchestrator finished successfully
2025-09-02 16:39:47,760 [ERROR] ❌ File not found: /Users/sainathsapa/Desktop/Trent/demo.retailagent/csv_folder/myntra_products_500k_part_5 4.36.06 PM 4.39.34 PM.csv

2025-09-02 16:41:06,087 [INFO] 🚀 Starting orchestrator
2025-09-02 16:41:07,154 [INFO] ✅ Dask cluster up: 8 workers x 2 threads
2025-09-02 16:41:07,171 [INFO] 📂 Loaded CSV: /Users/sainathsapa/Desktop/Trent/demo.retailagent/csv_folder/myntra_products_500k_part_5.csv with 11 columns
2025-09-02 16:41:07,932 [INFO] Inserted batch of 5000 rows
2025-09-02 16:41:08,418 [INFO] Inserted batch of 5000 rows
2025-09-02 16:41:08,777 [INFO] Inserted batch of 5000 rows
2025-09-02 16:41:09,165 [INFO] Inserted batch of 5000 rows
2025-09-02 16:41:09,521 [INFO] Inserted batch of 5000 rows
2025-09-02 16:41:09,882 [INFO] Inserted batch of 5000 rows
2025-09-02 16:41:10,236 [INFO] Inserted batch of 5000 rows
2025-09-02 16:41:10,643 [INFO] Inserted batch of 5000 rows
2025-09-02 16:41:11,039 [INFO] Inserted batch of 5000 rows
2025-09-02 16:41:11,422 [INFO] Inserted batch of 5000 rows
2025-09-02 16:41:11,775 [INFO] Inserted batch of 5000 rows
2025-09-02 16:41:12,146 [INFO] Inserted batch of 5000 rows
2025-09-02 16:41:12,514 [INFO] Inserted batch of 5000 rows
2025-09-02 16:41:12,878 [INFO] Inserted batch of 5000 rows
2025-09-02 16:41:13,232 [INFO] Inserted batch of 5000 rows
2025-09-02 16:41:13,590 [INFO] Inserted batch of 5000 rows
2025-09-02 16:41:13,957 [INFO] Inserted batch of 5000 rows
2025-09-02 16:41:14,324 [INFO] Inserted batch of 5000 rows
2025-09-02 16:41:14,729 [INFO] Inserted batch of 5000 rows
2025-09-02 16:41:15,137 [INFO] Inserted batch of 5000 rows
2025-09-02 16:41:15,158 [INFO] ✅ Inserted 100000 records into trent.products
2025-09-02 16:41:15,393 [INFO] 🏁 Orchestrator finished successfully
2025-09-02 16:52:22,166 [INFO] 🚀 Starting orchestrator
2025-09-02 16:52:23,261 [INFO] ✅ Dask cluster up: 8 workers x 2 threads
2025-09-02 16:52:23,276 [INFO] 📂 Loaded CSV: /Users/sainathsapa/Desktop/Trent/demo.retailagent/csv_folder/myntra_products_500k_part_4.csv with 11 columns
2025-09-02 16:52:24,029 [INFO] Inserted batch of 5000 rows
2025-09-02 16:52:24,442 [INFO] Inserted batch of 5000 rows
2025-09-02 16:52:24,771 [INFO] Inserted batch of 5000 rows
2025-09-02 16:52:25,137 [INFO] Inserted batch of 5000 rows
2025-09-02 16:52:25,432 [INFO] Inserted batch of 5000 rows
2025-09-02 16:52:25,786 [INFO] Inserted batch of 5000 rows
2025-09-02 16:52:26,136 [INFO] Inserted batch of 5000 rows
2025-09-02 16:52:26,506 [INFO] Inserted batch of 5000 rows
2025-09-02 16:52:26,895 [INFO] Inserted batch of 5000 rows
2025-09-02 16:52:27,255 [INFO] Inserted batch of 5000 rows
2025-09-02 16:52:27,604 [INFO] Inserted batch of 5000 rows
2025-09-02 16:52:27,951 [INFO] Inserted batch of 5000 rows
2025-09-02 16:52:28,326 [INFO] Inserted batch of 5000 rows
2025-09-02 16:52:28,712 [INFO] Inserted batch of 5000 rows
2025-09-02 16:52:29,145 [INFO] Inserted batch of 5000 rows
2025-09-02 16:52:29,585 [INFO] Inserted batch of 5000 rows
2025-09-02 16:52:29,959 [INFO] Inserted batch of 5000 rows
2025-09-02 16:52:30,391 [INFO] Inserted batch of 5000 rows
2025-09-02 16:52:30,778 [INFO] Inserted batch of 5000 rows
2025-09-02 16:52:31,119 [INFO] Inserted batch of 5000 rows
2025-09-02 16:52:31,139 [INFO] ✅ Inserted 100000 records into trent.products
2025-09-02 16:52:31,374 [INFO] 🏁 Orchestrator finished successfully
2025-09-02 17:06:18,053 [INFO] 🚀 Starting orchestrator
2025-09-02 17:06:19,039 [INFO] ✅ Dask cluster up: 8 workers x 2 threads
2025-09-02 17:06:19,052 [INFO] 📂 Loaded CSV: /Users/sainathsapa/Desktop/Trent/demo.retailagent/csv_folder/myntra_products_500k_part_5.csv with 11 columns
2025-09-02 17:06:19,749 [INFO] Inserted batch of 5000 rows
2025-09-02 17:06:20,154 [INFO] Inserted batch of 5000 rows
2025-09-02 17:06:20,463 [INFO] Inserted batch of 5000 rows
2025-09-02 17:06:20,793 [INFO] Inserted batch of 5000 rows
2025-09-02 17:06:21,081 [INFO] Inserted batch of 5000 rows
2025-09-02 17:06:21,395 [INFO] Inserted batch of 5000 rows
2025-09-02 17:06:21,680 [INFO] Inserted batch of 5000 rows
2025-09-02 17:06:21,975 [INFO] Inserted batch of 5000 rows
2025-09-02 17:06:22,285 [INFO] Inserted batch of 5000 rows
2025-09-02 17:06:22,626 [INFO] Inserted batch of 5000 rows
2025-09-02 17:06:22,945 [INFO] Inserted batch of 5000 rows
2025-09-02 17:06:23,298 [INFO] Inserted batch of 5000 rows
2025-09-02 17:06:23,662 [INFO] Inserted batch of 5000 rows
2025-09-02 17:06:24,040 [INFO] Inserted batch of 5000 rows
2025-09-02 17:06:24,447 [INFO] Inserted batch of 5000 rows
2025-09-02 17:06:24,856 [INFO] Inserted batch of 5000 rows
2025-09-02 17:06:25,257 [INFO] Inserted batch of 5000 rows
2025-09-02 17:06:25,622 [INFO] Inserted batch of 5000 rows
2025-09-02 17:06:25,998 [INFO] Inserted batch of 5000 rows
2025-09-02 17:06:26,350 [INFO] Inserted batch of 5000 rows
2025-09-02 17:06:26,377 [INFO] ✅ Inserted 100000 records into trent.products
2025-09-02 17:06:26,609 [INFO] 🏁 Orchestrator finished successfully
